c:\users\roman\source\repos\consoleapplication1\consoleapplication1\x64\release\vc145.pdb
c:\users\roman\source\repos\consoleapplication1\consoleapplication1\x64\release\variableoperations.obj
c:\users\roman\source\repos\consoleapplication1\consoleapplication1\x64\release\mathparser.obj
c:\users\roman\source\repos\consoleapplication1\consoleapplication1\x64\release\cstyleinterpreter.obj
c:\users\roman\source\repos\consoleapplication1\consoleapplication1\x64\release\interpretercommands.obj
c:\users\roman\source\repos\consoleapplication1\consoleapplication1\x64\release\main.obj
c:\users\roman\source\repos\consoleapplication1\consoleapplication1\x64\release\stringfunctions.obj
c:\users\roman\source\repos\consoleapplication1\consoleapplication1\x64\release\mathfunctions.obj
c:\users\roman\source\repos\consoleapplication1\x64\release\consoleapplication1.exe
c:\users\roman\source\repos\consoleapplication1\x64\release\consoleapplication1.pdb
c:\users\roman\source\repos\consoleapplication1\consoleapplication1\x64\release\consoleapplication1.ipdb
c:\users\roman\source\repos\consoleapplication1\consoleapplication1\x64\release\consoleapplication1.iobj
c:\users\roman\source\repos\consoleapplication1\consoleapplication1\x64\release\consolea.291e2edc.tlog\cl.command.1.tlog
c:\users\roman\source\repos\consoleapplication1\consoleapplication1\x64\release\consolea.291e2edc.tlog\cl.items.tlog
c:\users\roman\source\repos\consoleapplication1\consoleapplication1\x64\release\consolea.291e2edc.tlog\cl.read.1.tlog
c:\users\roman\source\repos\consoleapplication1\consoleapplication1\x64\release\consolea.291e2edc.tlog\cl.write.1.tlog
c:\users\roman\source\repos\consoleapplication1\consoleapplication1\x64\release\consolea.291e2edc.tlog\link.command.1.tlog
c:\users\roman\source\repos\consoleapplication1\consoleapplication1\x64\release\consolea.291e2edc.tlog\link.read.1.tlog
c:\users\roman\source\repos\consoleapplication1\consoleapplication1\x64\release\consolea.291e2edc.tlog\link.secondary.1.tlog
c:\users\roman\source\repos\consoleapplication1\consoleapplication1\x64\release\consolea.291e2edc.tlog\link.write.1.tlog
